<?xml version="1.0" encoding="UTF-8"?>
<robot generator="Robot 7.0 (Python 3.12.3 on win32)" generated="2024-05-28T15:42:17.960274" rpa="false" schemaversion="5">
<suite id="s1" name="Test User Payment" source="I:\CYCLOS\CYCLOS-PROJECT\PilotProject_Cyclos_Team1\TestCases\test_user_payment.robot">
<test id="s1-t1" name="To validate payment to user functionality with valid data" line="12">
<kw name="Open the Browser with URL" owner="GenericResource" type="SETUP">
<kw name="Create Webdriver" owner="SeleniumLibrary">
<msg time="2024-05-28T15:42:19.335727" level="INFO">Creating an instance of the Chrome WebDriver.</msg>
<arg>Chrome</arg>
<doc>Creates an instance of Selenium WebDriver.</doc>
<status status="PASS" start="2024-05-28T15:42:19.335727" elapsed="10.145343"/>
</kw>
<kw name="Go To" owner="SeleniumLibrary">
<msg time="2024-05-28T15:42:29.482075" level="INFO">Opening url 'https://demo.cyclos.org/ui/home'</msg>
<arg>${url}</arg>
<doc>Navigates the current browser window to the provided ``url``.</doc>
<status status="PASS" start="2024-05-28T15:42:29.482075" elapsed="9.496037"/>
</kw>
<kw name="Maximize Browser Window" owner="SeleniumLibrary">
<doc>Maximizes current browser window.</doc>
<status status="PASS" start="2024-05-28T15:42:38.978112" elapsed="1.425213"/>
</kw>
<kw name="Set Selenium Implicit Wait" owner="SeleniumLibrary">
<arg>5</arg>
<doc>Sets the implicit wait value used by Selenium.</doc>
<status status="PASS" start="2024-05-28T15:42:40.403325" elapsed="0.005935"/>
</kw>
<status status="PASS" start="2024-05-28T15:42:19.300480" elapsed="21.108780"/>
</kw>
<kw name="Fill the Login page" owner="LoginResource">
<kw name="Wait Until Element Is Visible" owner="SeleniumLibrary">
<arg>${login_button}</arg>
<doc>Waits until the element ``locator`` is visible.</doc>
<status status="PASS" start="2024-05-28T15:42:40.454461" elapsed="4.983570"/>
</kw>
<kw name="Click Element" owner="SeleniumLibrary">
<msg time="2024-05-28T15:42:45.438031" level="INFO">Clicking element 'xpath:(//div[text()=' Login '])[1]'.</msg>
<arg>${login_button}</arg>
<doc>Click the element identified by ``locator``.</doc>
<status status="PASS" start="2024-05-28T15:42:45.438031" elapsed="3.867686"/>
</kw>
<kw name="Wait Until Element Is Visible" owner="SeleniumLibrary">
<arg>${username_locator}</arg>
<doc>Waits until the element ``locator`` is visible.</doc>
<status status="PASS" start="2024-05-28T15:42:49.305717" elapsed="0.290786"/>
</kw>
<kw name="Input Text" owner="SeleniumLibrary">
<msg time="2024-05-28T15:42:49.596503" level="INFO">Typing text 'demo' into text field 'css:input[placeholder="User"]'.</msg>
<arg>${username_locator}</arg>
<arg>${username}</arg>
<doc>Types the given ``text`` into the text field identified by ``locator``.</doc>
<status status="PASS" start="2024-05-28T15:42:49.596503" elapsed="0.619982"/>
</kw>
<kw name="Wait Until Element Is Visible" owner="SeleniumLibrary">
<arg>${password_locator}</arg>
<doc>Waits until the element ``locator`` is visible.</doc>
<status status="PASS" start="2024-05-28T15:42:50.216485" elapsed="0.078130"/>
</kw>
<kw name="Input Text" owner="SeleniumLibrary">
<msg time="2024-05-28T15:42:50.294615" level="INFO">Typing text '1234' into text field 'css:input[placeholder="Password"]'.</msg>
<arg>${password_locator}</arg>
<arg>${password}</arg>
<doc>Types the given ``text`` into the text field identified by ``locator``.</doc>
<status status="PASS" start="2024-05-28T15:42:50.294615" elapsed="1.161923"/>
</kw>
<kw name="Wait Until Element Is Visible" owner="SeleniumLibrary">
<arg>${submit_btn}</arg>
<doc>Waits until the element ``locator`` is visible.</doc>
<status status="PASS" start="2024-05-28T15:42:51.456538" elapsed="0.109383"/>
</kw>
<kw name="Click Element" owner="SeleniumLibrary">
<msg time="2024-05-28T15:42:51.581548" level="INFO">Clicking element 'xpath://button[@class="btn d-flex justify-content-center align-items-center w-100 h-100 btn-primary btn-action-primary"]'.</msg>
<arg>${submit_btn}</arg>
<doc>Click the element identified by ``locator``.</doc>
<status status="PASS" start="2024-05-28T15:42:51.581548" elapsed="0.125007"/>
</kw>
<arg>demo</arg>
<arg>1234</arg>
<status status="PASS" start="2024-05-28T15:42:40.424271" elapsed="11.282284"/>
</kw>
<kw name="Click the Banking Option" owner="HomeResource">
<kw name="Wait Until Element Is Visible" owner="SeleniumLibrary">
<arg>${Banking_Xpath}</arg>
<doc>Waits until the element ``locator`` is visible.</doc>
<status status="PASS" start="2024-05-28T15:42:51.753433" elapsed="1.621684"/>
</kw>
<kw name="Click Element" owner="SeleniumLibrary">
<msg time="2024-05-28T15:42:53.375117" level="INFO">Clicking element 'xpath://a[@id='menu_banking']'.</msg>
<arg>${Banking_Xpath}</arg>
<doc>Click the element identified by ``locator``.</doc>
<status status="PASS" start="2024-05-28T15:42:53.375117" elapsed="0.758808"/>
</kw>
<status status="PASS" start="2024-05-28T15:42:51.753433" elapsed="2.380492"/>
</kw>
<kw name="Verify the Banking page is displayed" owner="HomeResource">
<kw name="Element Text Should Be" owner="SeleniumLibrary">
<msg time="2024-05-28T15:42:54.227683" level="INFO">Verifying element 'xpath://div[text()='Banking']' contains exact text 'Banking'.</msg>
<arg>${Banking_page_verify}</arg>
<arg>${Banking_page_keyword}</arg>
<doc>Verifies that element ``locator`` contains exact the text ``expected``.</doc>
<status status="PASS" start="2024-05-28T15:42:54.227683" elapsed="1.659551"/>
</kw>
<status status="PASS" start="2024-05-28T15:42:54.227683" elapsed="1.659551"/>
</kw>
<kw name="Select the option payment to user" owner="PaymentUser">
<kw name="Wait Until Element Is Visible" owner="SeleniumLibrary">
<msg time="2024-05-28T15:43:01.790768" level="INFO" html="true">&lt;/td&gt;&lt;/tr&gt;&lt;tr&gt;&lt;td colspan="3"&gt;&lt;a href="selenium-screenshot-13.png"&gt;&lt;img src="selenium-screenshot-13.png" width="800px"&gt;&lt;/a&gt;</msg>
<msg time="2024-05-28T15:43:01.790768" level="FAIL">Element 'xpath://div[text()="Payment to user"]' not visible after 5 seconds.</msg>
<arg>${select_payment_to_user}</arg>
<doc>Waits until the element ``locator`` is visible.</doc>
<status status="FAIL" start="2024-05-28T15:42:56.215379" elapsed="5.589684">Element 'xpath://div[text()="Payment to user"]' not visible after 5 seconds.</status>
</kw>
<kw name="Click Element" owner="SeleniumLibrary">
<arg>${select_payment_to_user}</arg>
<doc>Click the element identified by ``locator``.</doc>
<status status="NOT RUN" start="2024-05-28T15:43:01.805063" elapsed="0.000000"/>
</kw>
<status status="FAIL" start="2024-05-28T15:42:56.215379" elapsed="5.589684">Element 'xpath://div[text()="Payment to user"]' not visible after 5 seconds.</status>
</kw>
<kw name="verify the payment to user page open" owner="PaymentUser">
<status status="NOT RUN" start="2024-05-28T15:43:01.805063" elapsed="0.000000"/>
</kw>
<kw name="Enter the username in the to user field" owner="PaymentUser">
<arg>${user_name}</arg>
<status status="NOT RUN" start="2024-05-28T15:43:01.805063" elapsed="0.000000"/>
</kw>
<kw name="Select the user" owner="PaymentUser">
<status status="NOT RUN" start="2024-05-28T15:43:01.805063" elapsed="0.000000"/>
</kw>
<kw name="Enter the valid amount in the amount field" owner="PaymentUser">
<arg>${amount_data}</arg>
<status status="NOT RUN" start="2024-05-28T15:43:01.820074" elapsed="0.000000"/>
</kw>
<kw name="Click the scheduling dropdown button" owner="PaymentUser">
<status status="NOT RUN" start="2024-05-28T15:43:02.338313" elapsed="0.000996"/>
</kw>
<kw name="Click the monthly installment option" owner="PaymentUser">
<status status="NOT RUN" start="2024-05-28T15:43:02.341310" elapsed="0.000000"/>
</kw>
<kw name="Fill the no of installments" owner="PaymentUser">
<arg>${inst_no}</arg>
<status status="NOT RUN" start="2024-05-28T15:43:02.342908" elapsed="0.000000"/>
</kw>
<kw name="Click the first installment" owner="PaymentUser">
<status status="NOT RUN" start="2024-05-28T15:43:02.342908" elapsed="0.000000"/>
</kw>
<kw name="Fill the future date" owner="PaymentUser">
<arg>${fut_date}</arg>
<status status="NOT RUN" start="2024-05-28T15:43:02.342908" elapsed="0.000000"/>
</kw>
<kw name="Fill the description" owner="PaymentUser">
<arg>${description}</arg>
<status status="NOT RUN" start="2024-05-28T15:43:02.342908" elapsed="0.000000"/>
</kw>
<kw name="Click the next Button in payment page" owner="PaymentUser">
<status status="NOT RUN" start="2024-05-28T15:43:02.342908" elapsed="0.000000"/>
</kw>
<kw name="Verify the confirmation page is displayed" owner="PaymentUser">
<status status="NOT RUN" start="2024-05-28T15:43:02.342908" elapsed="0.000000"/>
</kw>
<kw name="Click the confirm button in the payment page" owner="PaymentUser">
<status status="NOT RUN" start="2024-05-28T15:43:02.357316" elapsed="0.000000"/>
</kw>
<kw name="verify the succesfull payment notification" owner="PaymentUser">
<status status="NOT RUN" start="2024-05-28T15:43:02.357316" elapsed="0.000000"/>
</kw>
<kw name="Close Browser Session" owner="GenericResource" type="TEARDOWN">
<kw name="Close Browser" owner="SeleniumLibrary">
<doc>Closes the current browser.</doc>
<status status="PASS" start="2024-05-28T15:43:02.360215" elapsed="10.851630"/>
</kw>
<status status="PASS" start="2024-05-28T15:43:02.360215" elapsed="10.851630"/>
</kw>
<tag>smoke</tag>
<status status="FAIL" start="2024-05-28T15:42:19.300480" elapsed="53.911365">Element 'xpath://div[text()="Payment to user"]' not visible after 5 seconds.</status>
</test>
<test id="s1-t2" name="To validate payment to user functionality with blank user name" line="33">
<kw name="Open the Browser with URL" owner="GenericResource" type="SETUP">
<kw name="Create Webdriver" owner="SeleniumLibrary">
<msg time="2024-05-28T15:43:13.211845" level="INFO">Creating an instance of the Chrome WebDriver.</msg>
<arg>Chrome</arg>
<doc>Creates an instance of Selenium WebDriver.</doc>
<status status="PASS" start="2024-05-28T15:43:13.211845" elapsed="5.669580"/>
</kw>
<kw name="Go To" owner="SeleniumLibrary">
<msg time="2024-05-28T15:43:18.882428" level="INFO">Opening url 'https://demo.cyclos.org/ui/home'</msg>
<msg time="2024-05-28T15:44:20.989982" level="WARN">Retrying (Retry(total=2, connect=None, read=None, redirect=None, status=None)) after connection broken by 'NewConnectionError('&lt;urllib3.connection.HTTPConnection object at 0x0000022224D40920&gt;: Failed to establish a new connection: [WinError 10061] No connection could be made because the target machine actively refused it')': /session/ddadea4fad620d9cd4d3f3cf9af37e33/screenshot</msg>
<msg time="2024-05-28T15:44:25.875162" level="WARN">Retrying (Retry(total=1, connect=None, read=None, redirect=None, status=None)) after connection broken by 'NewConnectionError('&lt;urllib3.connection.HTTPConnection object at 0x0000022224D43290&gt;: Failed to establish a new connection: [WinError 10061] No connection could be made because the target machine actively refused it')': /session/ddadea4fad620d9cd4d3f3cf9af37e33/screenshot</msg>
<msg time="2024-05-28T15:44:30.019930" level="WARN">Retrying (Retry(total=0, connect=None, read=None, redirect=None, status=None)) after connection broken by 'NewConnectionError('&lt;urllib3.connection.HTTPConnection object at 0x0000022224CF8770&gt;: Failed to establish a new connection: [WinError 10061] No connection could be made because the target machine actively refused it')': /session/ddadea4fad620d9cd4d3f3cf9af37e33/screenshot</msg>
<msg time="2024-05-28T15:44:34.046183" level="WARN">Keyword 'Capture Page Screenshot' could not be run on failure: HTTPConnectionPool(host='localhost', port=65492): Max retries exceeded with url: /session/ddadea4fad620d9cd4d3f3cf9af37e33/screenshot (Caused by NewConnectionError('&lt;urllib3.connection.HTTPConnection object at 0x0000022224D1B9E0&gt;: Failed to establish a new connection: [WinError 10061] No connection could be made because the target machine actively refused it'))</msg>
<msg time="2024-05-28T15:44:34.046183" level="FAIL">ProtocolError: ('Connection aborted.', ConnectionResetError(10054, 'An existing connection was forcibly closed by the remote host', None, 10054, None))</msg>
<arg>${url}</arg>
<doc>Navigates the current browser window to the provided ``url``.</doc>
<status status="FAIL" start="2024-05-28T15:43:18.881425" elapsed="75.838763">ProtocolError: ('Connection aborted.', ConnectionResetError(10054, 'An existing connection was forcibly closed by the remote host', None, 10054, None))</status>
</kw>
<kw name="Maximize Browser Window" owner="SeleniumLibrary">
<doc>Maximizes current browser window.</doc>
<<<<<<< HEAD
<status status="NOT RUN" start="2024-05-28T15:44:34.720188" elapsed="0.000000"/>
</kw>
<kw name="Set Selenium Implicit Wait" owner="SeleniumLibrary">
<arg>5</arg>
<doc>Sets the implicit wait value used by Selenium.</doc>
<status status="NOT RUN" start="2024-05-28T15:44:34.720188" elapsed="0.000000"/>
=======
<status status="PASS" start="2024-05-28T01:05:32.350445" elapsed="0.431484"/>

<robot generator="Robot 7.0 (Python 3.12.2 on win32)" generated="2024-05-27T23:17:05.875598" rpa="false" schemaversion="5">
<suite id="s1" name="Test Advertisement" source="C:\Cyclos_project\PilotProject_Cyclos_Team1-2\TestCases\test_advertisement.robot">
<test id="s1-t1" name="verify that the Invalid keyword is entered in the keyword field" line="25">
<kw name="Open the Browser with URL" owner="GenericResource" type="SETUP">
<kw name="Create Webdriver" owner="SeleniumLibrary">
<msg time="2024-05-27T23:17:06.048441" level="INFO">Creating an instance of the Chrome WebDriver.</msg>
<arg>Chrome</arg>
<doc>Creates an instance of Selenium WebDriver.</doc>
<status status="PASS" start="2024-05-27T23:17:06.048441" elapsed="1.620353"/>
</kw>
<kw name="Go To" owner="SeleniumLibrary">
<msg time="2024-05-27T23:17:07.668794" level="INFO">Opening url 'https://demo.cyclos.org/ui/home'</msg>
<arg>${url}</arg>
<doc>Navigates the current browser window to the provided ``url``.</doc>
<status status="PASS" start="2024-05-27T23:17:07.668794" elapsed="2.798989"/>
</kw>
<kw name="Maximize Browser Window" owner="SeleniumLibrary">
<doc>Maximizes current browser window.</doc>
<status status="PASS" start="2024-05-27T23:17:10.467783" elapsed="0.026758"/>
<robot generator="Robot 7.0 (Python 3.12.2 on win32)" generated="2024-05-27T15:25:33.767494" rpa="false" schemaversion="5">
<suite id="s1" name="test alreadyExistsEmail" source="E:\PilotProject_Cyclos_Team1-1\TestCases\test_alreadyExistsEmail.robot">
<test id="s1-t1" name="valid register Test case" line="13">
<kw name="Open the Browser with URL" owner="GenericResource" type="SETUP">
<kw name="Create Webdriver" owner="SeleniumLibrary">
<msg time="2024-05-27T15:25:35.865925" level="INFO">Creating an instance of the Chrome WebDriver.</msg>
<arg>${brower_name}</arg>
<doc>Creates an instance of Selenium WebDriver.</doc>
<status status="PASS" start="2024-05-27T15:25:35.864493" elapsed="3.058586"/>
</kw>
<kw name="Go To" owner="SeleniumLibrary">
<msg time="2024-05-27T15:25:38.923079" level="INFO">Opening url 'https://demo.cyclos.org/ui/home'</msg>
<arg>${url}</arg>
<doc>Navigates the current browser window to the provided ``url``.</doc>
<status status="PASS" start="2024-05-27T15:25:38.923079" elapsed="2.034291"/>
</kw>
<kw name="Maximize Browser Window" owner="SeleniumLibrary">
<doc>Maximizes current browser window.</doc>
<status status="PASS" start="2024-05-27T15:25:40.958606" elapsed="0.037039"/>
<status status="PASS" start="2024-05-28T01:05:32.781929" elapsed="0.000000"/>
>>>>>>> 01b69c07ea1caf163703629db64d50ab3defbb9c
</kw>
<status status="FAIL" start="2024-05-28T15:43:13.211845" elapsed="81.508343">ProtocolError: ('Connection aborted.', ConnectionResetError(10054, 'An existing connection was forcibly closed by the remote host', None, 10054, None))</status>
</kw>
<kw name="Close Browser Session" owner="GenericResource" type="TEARDOWN">
<kw name="Close Browser" owner="SeleniumLibrary">
<msg time="2024-05-28T15:44:38.763334" level="WARN">Retrying (Retry(total=2, connect=None, read=None, redirect=None, status=None)) after connection broken by 'NewConnectionError('&lt;urllib3.connection.HTTPConnection object at 0x0000022224EA41A0&gt;: Failed to establish a new connection: [WinError 10061] No connection could be made because the target machine actively refused it')': /session/ddadea4fad620d9cd4d3f3cf9af37e33</msg>
<msg time="2024-05-28T15:44:42.820300" level="WARN">Retrying (Retry(total=1, connect=None, read=None, redirect=None, status=None)) after connection broken by 'NewConnectionError('&lt;urllib3.connection.HTTPConnection object at 0x0000022224EA4380&gt;: Failed to establish a new connection: [WinError 10061] No connection could be made because the target machine actively refused it')': /session/ddadea4fad620d9cd4d3f3cf9af37e33</msg>
<msg time="2024-05-28T15:44:46.845902" level="WARN">Retrying (Retry(total=0, connect=None, read=None, redirect=None, status=None)) after connection broken by 'NewConnectionError('&lt;urllib3.connection.HTTPConnection object at 0x0000022224EA45C0&gt;: Failed to establish a new connection: [WinError 10061] No connection could be made because the target machine actively refused it')': /session/ddadea4fad620d9cd4d3f3cf9af37e33</msg>
<doc>Closes the current browser.</doc>
<status status="PASS" start="2024-05-28T15:44:34.720188" elapsed="20.225031"/>
</kw>
<status status="PASS" start="2024-05-28T15:44:34.720188" elapsed="20.225031"/>
</kw>
<tag>regression</tag>
<status status="FAIL" start="2024-05-28T15:43:13.211845" elapsed="101.733374">Setup failed:
ProtocolError: ('Connection aborted.', ConnectionResetError(10054, 'An existing connection was forcibly closed by the remote host', None, 10054, None))</status>
</test>
<test id="s1-t3" name="To validate payment to user functionality with blank amount field" line="44">
<kw name="Open the Browser with URL" owner="GenericResource" type="SETUP">
<kw name="Create Webdriver" owner="SeleniumLibrary">
<msg time="2024-05-28T15:44:54.945219" level="INFO">Creating an instance of the Chrome WebDriver.</msg>
<arg>Chrome</arg>
<doc>Creates an instance of Selenium WebDriver.</doc>
<status status="PASS" start="2024-05-28T15:44:54.945219" elapsed="8.424283"/>
</kw>
<kw name="Go To" owner="SeleniumLibrary">
<msg time="2024-05-28T15:45:03.369502" level="INFO">Opening url 'https://demo.cyclos.org/ui/home'</msg>
<msg time="2024-05-28T15:45:21.522653" level="WARN">Keyword 'Capture Page Screenshot' could not be run on failure: Message: no such window: target window already closed
from unknown error: web view not found
  (Session info: chrome=125.0.6422.78)
Stacktrace:
	GetHandleVerifier [0x00007FF68AA31F22+60322]
	(No symbol) [0x00007FF68A9ACE99]
	(No symbol) [0x00007FF68A867EBA]
	(No symbol) [0x00007FF68A83D5A5]
	(No symbol) [0x00007FF68A8E36B7]
	(No symbol) [0x00007FF68A8FB331]
	(No symbol) [0x00007FF68A8DBFC3]
	(No symbol) [0x00007FF68A8A9617]
	(No symbol) [0x00007FF68A8AA211]
	GetHandleVerifier [0x00007FF68AD4946D+3301613]
	GetHandleVerifier [0x00007FF68AD93693+3605267]
	GetHandleVerifier [0x00007FF68AD89410+3563664]
	GetHandleVerifier [0x00007FF68AAE42F6+790390]
	(No symbol) [0x00007FF68A9B74DF]
	(No symbol) [0x00007FF68A9B33D4]
	(No symbol) [0x00007FF68A9B3562]
	(No symbol) [0x00007FF68A9A2F6F]
	BaseThreadInitThunk [0x00007FFB56E4257D+29]
	RtlUserThreadStart [0x00007FFB57BCAA48+40]
</msg>
<msg time="2024-05-28T15:45:21.691847" level="FAIL">WebDriverException: Message: disconnected: received Inspector.detached event
  (failed to check if window was closed: disconnected: Unable to receive message from renderer)
  (Session info: chrome=125.0.6422.78)
Stacktrace:
	GetHandleVerifier [0x00007FF68AA31F22+60322]
	(No symbol) [0x00007FF68A9ACE99]
	(No symbol) [0x00007FF68A867EBA]
	(No symbol) [0x00007FF68A8515EF]
	(No symbol) [0x00007FF68A850D17]
	(No symbol) [0x00007FF68A8504D1]
	(No symbol) [0x00007FF68A850410]
	(No symbol) [0x00007FF68A84F3CB]
	(No symbol) [0x00007FF68A87584F]
	(No symbol) [0x00007FF68A8FBB5B]
	(No symbol) [0x00007FF68A8DBFC3]
	(No symbol) [0x00007FF68A8A9617]
	(No symbol) [0x00007FF68A8AA211]
	GetHandleVerifier [0x00007FF68AD4946D+3301613]
	GetHandleVerifier [0x00007FF68AD93693+3605267]
	GetHandleVerifier [0x00007FF68AD89410+3563664]
	GetHandleVerifier [0x00007FF68AAE42F6+790390]
	(No symbol) [0x00007FF68A9B74DF]
	(No symbol) [0x00007FF68A9B33D4]
	(No symbol) [0x00007FF68A9B3562]
	(No symbol) [0x00007FF68A9A2F6F]
	BaseThreadInitThunk [0x00007FFB56E4257D+29]
	RtlUserThreadStart [0x00007FFB57BCAA48+40]
</msg>
<arg>${url}</arg>
<doc>Navigates the current browser window to the provided ``url``.</doc>
<status status="FAIL" start="2024-05-28T15:45:03.369502" elapsed="18.349603">WebDriverException: Message: disconnected: received Inspector.detached event
  (failed to check if window was closed: disconnected: Unable to receive message from renderer)
  (Session info: chrome=125.0.6422.78)
Stacktrace:
	GetHandleVerifier [0x00007FF68AA31F22+60322]
	(No symbol) [0x00007FF68A9ACE99]
	(No symbol) [0x00007FF68A867EBA]
	(No symbol) [0x00007FF68A8515EF]
	(No symbol) [0x00007FF68A850D17]
	(No symbol) [0x00007FF68A8504D1]
	(No symbol) [0x00007FF68A850410]
	(No symbol) [0x00007FF68A84F3CB]
	(No symbol) [0x00007FF68A87584F]
	(No symbol) [0x00007FF68A8FBB5B]
	(No symbol) [0x00007FF68A8DBFC3]
	(No symbol) [0x00007FF68A8A9617]
	(No symbol) [0x00007FF68A8AA211]
	GetHandleVerifier [0x00007FF68AD4946D+3301613]
	GetHandleVerifier [0x00007FF68AD93693+3605267]
	GetHandleVerifier [0x00007FF68AD89410+3563664]
	GetHandleVerifier [0x00007FF68AAE42F6+790390]
	(No symbol) [0x00007FF68A9B74DF]
	(No symbol) [0x00007FF68A9B33D4]
	(No symbol) [0x00007FF68A9B3562]
	(No symbol) [0x00007FF68A9A2F6F]
	BaseThreadInitThunk [0x00007FFB56E4257D+29]
	RtlUserThreadStart [0x00007FFB57BCAA48+40]
</status>
</kw>
<kw name="Maximize Browser Window" owner="SeleniumLibrary">
<doc>Maximizes current browser window.</doc>
<status status="NOT RUN" start="2024-05-28T15:45:21.719105" elapsed="0.000000"/>
</kw>
<kw name="Set Selenium Implicit Wait" owner="SeleniumLibrary">
<arg>5</arg>
<doc>Sets the implicit wait value used by Selenium.</doc>
<status status="NOT RUN" start="2024-05-28T15:45:21.734331" elapsed="0.000000"/>
</kw>
<status status="FAIL" start="2024-05-28T15:44:54.945219" elapsed="26.789112">WebDriverException: Message: disconnected: received Inspector.detached event
  (failed to check if window was closed: disconnected: Unable to receive message from renderer)
  (Session info: chrome=125.0.6422.78)
Stacktrace:
	GetHandleVerifier [0x00007FF68AA31F22+60322]
	(No symbol) [0x00007FF68A9ACE99]
	(No symbol) [0x00007FF68A867EBA]
	(No symbol) [0x00007FF68A8515EF]
	(No symbol) [0x00007FF68A850D17]
	(No symbol) [0x00007FF68A8504D1]
	(No symbol) [0x00007FF68A850410]
	(No symbol) [0x00007FF68A84F3CB]
	(No symbol) [0x00007FF68A87584F]
	(No symbol) [0x00007FF68A8FBB5B]
	(No symbol) [0x00007FF68A8DBFC3]
	(No symbol) [0x00007FF68A8A9617]
	(No symbol) [0x00007FF68A8AA211]
	GetHandleVerifier [0x00007FF68AD4946D+3301613]
	GetHandleVerifier [0x00007FF68AD93693+3605267]
	GetHandleVerifier [0x00007FF68AD89410+3563664]
	GetHandleVerifier [0x00007FF68AAE42F6+790390]
	(No symbol) [0x00007FF68A9B74DF]
	(No symbol) [0x00007FF68A9B33D4]
	(No symbol) [0x00007FF68A9B3562]
	(No symbol) [0x00007FF68A9A2F6F]
	BaseThreadInitThunk [0x00007FFB56E4257D+29]
	RtlUserThreadStart [0x00007FFB57BCAA48+40]
</status>
</kw>
<kw name="Close Browser Session" owner="GenericResource" type="TEARDOWN">
<kw name="Close Browser" owner="SeleniumLibrary">
<doc>Closes the current browser.</doc>
<status status="PASS" start="2024-05-28T15:45:21.734331" elapsed="3.968870"/>
</kw>
<status status="PASS" start="2024-05-28T15:45:21.734331" elapsed="3.968870"/>
</kw>
<tag>regression</tag>
<status status="FAIL" start="2024-05-28T15:44:54.945219" elapsed="30.757982">Setup failed:
WebDriverException: Message: disconnected: received Inspector.detached event
  (failed to check if window was closed: disconnected: Unable to receive message from renderer)
  (Session info: chrome=125.0.6422.78)
Stacktrace:
	GetHandleVerifier [0x00007FF68AA31F22+60322]
	(No symbol) [0x00007FF68A9ACE99]
	(No symbol) [0x00007FF68A867EBA]
	(No symbol) [0x00007FF68A8515EF]
	(No symbol) [0x00007FF68A850D17]
	(No symbol) [0x00007FF68A8504D1]
	(No symbol) [0x00007FF68A850410]
	(No symbol) [0x00007FF68A84F3CB]
	(No symbol) [0x00007FF68A87584F]
	(No symbol) [0x00007FF68A8FBB5B]
	(No symbol) [0x00007FF68A8DBFC3]
	(No symbol) [0x00007FF68A8A9617]
	(No symbol) [0x00007FF68A8AA211]
	GetHandleVerifier [0x00007FF68AD4946D+3301613]
	GetHandleVerifier [0x00007FF68AD93693+3605267]
	GetHandleVerifier [0x00007FF68AD89410+3563664]
	GetHandleVerifier [0x00007FF68AAE42F6+790390]
	(No symbol) [0x00007FF68A9B74DF]
	(No symbol) [0x00007FF68A9B33D4]
	(No symbol) [0x00007FF68A9B3562]
	(No symbol) [0x00007FF68A9A2F6F]
	BaseThreadInitThunk [0x00007FFB56E4257D+29]
	RtlUserThreadStart [0x00007FFB57BCAA48+40]
</status>
</test>
<test id="s1-t4" name="To validate payment to user functionality with blank fields" line="62">
<kw name="Open the Browser with URL" owner="GenericResource" type="SETUP">
<kw name="Create Webdriver" owner="SeleniumLibrary">
<msg time="2024-05-28T15:45:25.730389" level="INFO">Creating an instance of the Chrome WebDriver.</msg>
<arg>Chrome</arg>
<doc>Creates an instance of Selenium WebDriver.</doc>
<status status="PASS" start="2024-05-28T15:45:25.730389" elapsed="6.427132"/>
</kw>
<kw name="Go To" owner="SeleniumLibrary">
<msg time="2024-05-28T15:45:32.174582" level="INFO">Opening url 'https://demo.cyclos.org/ui/home'</msg>
<arg>${url}</arg>
<doc>Navigates the current browser window to the provided ``url``.</doc>
<status status="PASS" start="2024-05-28T15:45:32.173567" elapsed="5.166151"/>
</kw>
<kw name="Maximize Browser Window" owner="SeleniumLibrary">
<doc>Maximizes current browser window.</doc>
<status status="PASS" start="2024-05-28T15:45:37.339718" elapsed="0.733039"/>
</kw>
<kw name="Set Selenium Implicit Wait" owner="SeleniumLibrary">
<arg>5</arg>
<doc>Sets the implicit wait value used by Selenium.</doc>
<status status="PASS" start="2024-05-28T15:45:38.072757" elapsed="0.099955"/>
</kw>
<status status="PASS" start="2024-05-28T15:45:25.729382" elapsed="12.443330"/>
</kw>
<kw name="Fill the Login page" owner="LoginResource">
<kw name="Wait Until Element Is Visible" owner="SeleniumLibrary">
<arg>${login_button}</arg>
<doc>Waits until the element ``locator`` is visible.</doc>
<status status="PASS" start="2024-05-28T15:45:38.288436" elapsed="2.644385"/>
</kw>
<kw name="Click Element" owner="SeleniumLibrary">
<msg time="2024-05-28T15:45:40.932821" level="INFO">Clicking element 'xpath:(//div[text()=' Login '])[1]'.</msg>
<arg>${login_button}</arg>
<doc>Click the element identified by ``locator``.</doc>
<status status="PASS" start="2024-05-28T15:45:40.932821" elapsed="0.503675"/>
</kw>
<kw name="Wait Until Element Is Visible" owner="SeleniumLibrary">
<arg>${username_locator}</arg>
<doc>Waits until the element ``locator`` is visible.</doc>
<status status="PASS" start="2024-05-28T15:45:41.437523" elapsed="0.106341"/>
</kw>
<kw name="Input Text" owner="SeleniumLibrary">
<msg time="2024-05-28T15:45:41.543864" level="INFO">Typing text 'demo' into text field 'css:input[placeholder="User"]'.</msg>
<arg>${username_locator}</arg>
<arg>${username}</arg>
<doc>Types the given ``text`` into the text field identified by ``locator``.</doc>
<status status="PASS" start="2024-05-28T15:45:41.543864" elapsed="0.665805"/>
</kw>
<kw name="Wait Until Element Is Visible" owner="SeleniumLibrary">
<arg>${password_locator}</arg>
<doc>Waits until the element ``locator`` is visible.</doc>
<status status="PASS" start="2024-05-28T15:45:42.209669" elapsed="0.343804"/>
</kw>
<kw name="Input Text" owner="SeleniumLibrary">
<msg time="2024-05-28T15:45:42.553473" level="INFO">Typing text '1234' into text field 'css:input[placeholder="Password"]'.</msg>
<arg>${password_locator}</arg>
<arg>${password}</arg>
<doc>Types the given ``text`` into the text field identified by ``locator``.</doc>
<status status="PASS" start="2024-05-28T15:45:42.553473" elapsed="0.921907"/>
</kw>
<kw name="Wait Until Element Is Visible" owner="SeleniumLibrary">
<arg>${submit_btn}</arg>
<doc>Waits until the element ``locator`` is visible.</doc>
<status status="PASS" start="2024-05-28T15:45:43.475380" elapsed="0.125014"/>
</kw>
<kw name="Click Element" owner="SeleniumLibrary">
<msg time="2024-05-28T15:45:43.600394" level="INFO">Clicking element 'xpath://button[@class="btn d-flex justify-content-center align-items-center w-100 h-100 btn-primary btn-action-primary"]'.</msg>
<arg>${submit_btn}</arg>
<doc>Click the element identified by ``locator``.</doc>
<status status="PASS" start="2024-05-28T15:45:43.600394" elapsed="0.203134"/>
</kw>
<arg>demo</arg>
<arg>1234</arg>
<status status="PASS" start="2024-05-28T15:45:38.269562" elapsed="5.533966"/>
</kw>
<kw name="Click the Banking Option" owner="HomeResource">
<kw name="Wait Until Element Is Visible" owner="SeleniumLibrary">
<arg>${Banking_Xpath}</arg>
<doc>Waits until the element ``locator`` is visible.</doc>
<status status="PASS" start="2024-05-28T15:45:43.912913" elapsed="1.767778"/>
</kw>
<kw name="Click Element" owner="SeleniumLibrary">
<msg time="2024-05-28T15:45:45.681695" level="INFO">Clicking element 'xpath://a[@id='menu_banking']'.</msg>
<arg>${Banking_Xpath}</arg>
<doc>Click the element identified by ``locator``.</doc>
<status status="PASS" start="2024-05-28T15:45:45.681695" elapsed="1.413261"/>
</kw>
<status status="PASS" start="2024-05-28T15:45:43.912913" elapsed="3.182043"/>
</kw>
<kw name="Verify the Banking page is displayed" owner="HomeResource">
<kw name="Element Text Should Be" owner="SeleniumLibrary">
<msg time="2024-05-28T15:45:47.484255" level="INFO">Verifying element 'xpath://div[text()='Banking']' contains exact text 'Banking'.</msg>
<arg>${Banking_page_verify}</arg>
<arg>${Banking_page_keyword}</arg>
<doc>Verifies that element ``locator`` contains exact the text ``expected``.</doc>
<status status="PASS" start="2024-05-28T15:45:47.483252" elapsed="0.371687"/>
</kw>
<status status="PASS" start="2024-05-28T15:45:47.482254" elapsed="0.375688"/>
</kw>
<kw name="Select the option payment to user" owner="PaymentUser">
<kw name="Wait Until Element Is Visible" owner="SeleniumLibrary">
<arg>${select_payment_to_user}</arg>
<doc>Waits until the element ``locator`` is visible.</doc>
<status status="PASS" start="2024-05-28T15:45:47.905131" elapsed="0.569877"/>
</kw>
<kw name="Click Element" owner="SeleniumLibrary">
<msg time="2024-05-28T15:45:48.475008" level="INFO">Clicking element 'xpath://div[text()="Payment to user"]'.</msg>
<arg>${select_payment_to_user}</arg>
<doc>Click the element identified by ``locator``.</doc>
<status status="PASS" start="2024-05-28T15:45:48.475008" elapsed="0.585927"/>
</kw>
<status status="PASS" start="2024-05-28T15:45:47.905131" elapsed="1.155804"/>
</kw>
<kw name="verify the payment to user page open" owner="PaymentUser">
<kw name="Element Text Should Be" owner="SeleniumLibrary">
<msg time="2024-05-28T15:45:49.095837" level="INFO">Verifying element 'xpath://div[@class="content-title d-flex"]//div' contains exact text 'Payment to user'.</msg>
<arg>${payment_user_title}</arg>
<arg>Payment to user</arg>
<doc>Verifies that element ``locator`` contains exact the text ``expected``.</doc>
<status status="PASS" start="2024-05-28T15:45:49.095837" elapsed="1.068053"/>
</kw>
<status status="PASS" start="2024-05-28T15:45:49.095837" elapsed="1.068053"/>
</kw>
<kw name="Click the next Button in payment page" owner="PaymentUser">
<kw name="Wait Until Element Is Visible" owner="SeleniumLibrary">
<arg>${next}</arg>
<doc>Waits until the element ``locator`` is visible.</doc>
<status status="PASS" start="2024-05-28T15:45:50.330757" elapsed="0.122214"/>
</kw>
<kw name="Click Element" owner="SeleniumLibrary">
<msg time="2024-05-28T15:45:50.452971" level="INFO">Clicking element 'xpath://span[text()='Next']'.</msg>
<arg>${next}</arg>
<doc>Click the element identified by ``locator``.</doc>
<status status="PASS" start="2024-05-28T15:45:50.452971" elapsed="0.230057"/>
</kw>
<status status="PASS" start="2024-05-28T15:45:50.330757" elapsed="0.352271"/>
</kw>
<kw name="verify the error message for user to field is given blank" owner="PaymentUser">
<kw name="Element Text Should Be" owner="SeleniumLibrary">
<msg time="2024-05-28T15:45:50.683028" level="INFO">Verifying element 'xpath:(//field-errors)[1]//div' contains exact text 'This field is required'.</msg>
<arg>${to_user_error_msg}</arg>
<arg>This field is required</arg>
<doc>Verifies that element ``locator`` contains exact the text ``expected``.</doc>
<status status="PASS" start="2024-05-28T15:45:50.683028" elapsed="0.119357"/>
</kw>
<status status="PASS" start="2024-05-28T15:45:50.683028" elapsed="0.120358"/>
</kw>
<kw name="verify the error message for amount field is given blank" owner="PaymentUser">
<kw name="Element Text Should Be" owner="SeleniumLibrary">
<msg time="2024-05-28T15:45:50.816742" level="INFO">Verifying element 'xpath:(//field-errors)[2]//div' contains exact text 'This field is required'.</msg>
<arg>${amount_error_msg}</arg>
<arg>This field is required</arg>
<doc>Verifies that element ``locator`` contains exact the text ``expected``.</doc>
<status status="PASS" start="2024-05-28T15:45:50.815721" elapsed="0.134745"/>
</kw>
<status status="PASS" start="2024-05-28T15:45:50.815721" elapsed="0.134745"/>
</kw>
<kw name="Close Browser Session" owner="GenericResource" type="TEARDOWN">
<kw name="Close Browser" owner="SeleniumLibrary">
<doc>Closes the current browser.</doc>
<status status="PASS" start="2024-05-28T15:45:50.958556" elapsed="5.481227"/>
</kw>
<status status="PASS" start="2024-05-28T15:45:50.957574" elapsed="5.482209"/>
</kw>
<tag>retest</tag>
<status status="PASS" start="2024-05-28T15:45:25.726154" elapsed="30.713629"/>
</test>
<doc>To validate Banking - payment to user Functionality</doc>
<status status="FAIL" start="2024-05-28T15:42:17.975901" elapsed="218.463882"/>
</suite>
<statistics>
<total>
<stat pass="1" fail="3" skip="0">All Tests</stat>
</total>
<tag>
<stat pass="0" fail="2" skip="0">regression</stat>
<stat pass="1" fail="0" skip="0">retest</stat>
<stat pass="0" fail="1" skip="0">smoke</stat>
</tag>
<suite>
<<<<<<< HEAD
<stat pass="1" fail="3" skip="0" id="s1" name="Test User Payment">Test User Payment</stat>
=======
<stat pass="3" fail="1" skip="0" id="s1" name="Test Payment To User">Test Payment To User</stat>
=======
<status status="PASS" start="2024-05-27T23:17:10.494541" elapsed="0.000000"/>
</kw>
<status status="PASS" start="2024-05-27T23:17:06.048441" elapsed="4.446100"/>
</kw>
<kw name="click the login button" owner="LoginResource">
<kw name="Click Element" owner="SeleniumLibrary">
<msg time="2024-05-27T23:17:10.497310" level="INFO">Clicking element 'xpath:(//div[text()=' Login '])[1]'.</msg>
<arg>${login_button}</arg>
<doc>Click the element identified by ``locator``.</doc>
<status status="PASS" start="2024-05-27T23:17:10.497310" elapsed="1.980311"/>
</kw>
<status status="PASS" start="2024-05-27T23:17:10.494541" elapsed="1.983080"/>
</kw>
<kw name="Fill the Login page" owner="LoginResource">
<kw name="Wait Until Element Is Visible" owner="SeleniumLibrary">
<arg>${username_locator}</arg>
<doc>Waits until the element ``locator`` is visible.</doc>
<status status="PASS" start="2024-05-27T23:17:12.479758" elapsed="0.022552"/>
</kw>
<kw name="Input Text" owner="SeleniumLibrary">
<msg time="2024-05-27T23:17:12.502310" level="INFO">Typing text 'Sanjay_stark' into text field 'xpath://input[@placeholder="User"]'.</msg>
<arg>${username_locator}</arg>
<arg>${username}</arg>
<doc>Types the given ``text`` into the text field identified by ``locator``.</doc>
<status status="PASS" start="2024-05-27T23:17:12.502310" elapsed="0.135397"/>
</kw>
<kw name="Input Text" owner="SeleniumLibrary">
<msg time="2024-05-27T23:17:12.637707" level="INFO">Typing text 'Sanjay' into text field 'xpath://input[@placeholder="Password"]'.</msg>
<arg>${password_locator}</arg>
<arg>${password}</arg>
<doc>Types the given ``text`` into the text field identified by ``locator``.</doc>
<status status="PASS" start="2024-05-27T23:17:12.637707" elapsed="0.179307"/>
</kw>
<kw name="Wait Until Element Is Visible" owner="SeleniumLibrary">
<arg>${submit_button}</arg>
<doc>Waits until the element ``locator`` is visible.</doc>
<status status="PASS" start="2024-05-27T23:17:12.817572" elapsed="0.026255"/>
</kw>
<kw name="Click Element" owner="SeleniumLibrary">
<msg time="2024-05-27T23:17:12.843827" level="INFO">Clicking element 'xpath://span[text()='Submit']'.</msg>
<arg>${submit_button}</arg>
<doc>Click the element identified by ``locator``.</doc>
<status status="PASS" start="2024-05-27T23:17:12.843827" elapsed="0.074058"/>
</kw>
<status status="PASS" start="2024-05-27T23:17:12.478658" elapsed="0.439227"/>
</kw>
<kw name="Click on the MarketPlace button" owner="HomeResource">
<kw name="Wait Until Element Is Visible" owner="SeleniumLibrary">
<arg>${marketplace}</arg>
<doc>Waits until the element ``locator`` is visible.</doc>
<status status="PASS" start="2024-05-27T23:17:12.918782" elapsed="0.663002"/>
</kw>
<kw name="Click Element" owner="SeleniumLibrary">
<msg time="2024-05-27T23:17:13.586839" level="INFO">Clicking element 'css:a[id="menu_marketplace"]'.</msg>
<arg>${marketplace}</arg>
<doc>Click the element identified by ``locator``.</doc>
<status status="PASS" start="2024-05-27T23:17:13.586839" elapsed="0.055315"/>
</kw>
<status status="PASS" start="2024-05-27T23:17:12.918277" elapsed="0.723877"/>
</kw>
<kw name="verify that the markerplace is open" owner="AdvertisementResource">
<kw name="Element Text Should Be" owner="SeleniumLibrary">
<msg time="2024-05-27T23:17:13.642820" level="INFO">Verifying element 'xpath://div[@class="side-menu-icon"]//following-sibling::div' contains exact text 'Marketplace'.</msg>
<arg>${market_title}</arg>
<arg>Marketplace</arg>
<doc>Verifies that element ``locator`` contains exact the text ``expected``.</doc>
<status status="PASS" start="2024-05-27T23:17:13.642820" elapsed="1.351507"/>
</kw>
<status status="PASS" start="2024-05-27T23:17:13.642820" elapsed="1.352503"/>
</kw>
<kw name="Click on the advertisement page button" owner="AdvertisementResource">
<kw name="Wait Until Element Is Visible" owner="SeleniumLibrary">
<arg>${Advertisement}</arg>
<doc>Waits until the element ``locator`` is visible.</doc>
<status status="PASS" start="2024-05-27T23:17:14.995323" elapsed="0.018816"/>
</kw>
<kw name="Click Element" owner="SeleniumLibrary">
<msg time="2024-05-27T23:17:15.014139" level="INFO">Clicking element 'xpath://div[text()='Advertisements']'.</msg>
<arg>${Advertisement}</arg>
<doc>Click the element identified by ``locator``.</doc>
<status status="PASS" start="2024-05-27T23:17:15.014139" elapsed="0.054696"/>
</kw>
<status status="PASS" start="2024-05-27T23:17:14.995323" elapsed="0.073512"/>
</kw>
<kw name="Sleep" owner="BuiltIn">
<msg time="2024-05-27T23:17:18.069149" level="INFO">Slept 3 seconds.</msg>
<arg>3</arg>
<doc>Pauses the test executed for the given time.</doc>
<status status="PASS" start="2024-05-27T23:17:15.068835" elapsed="3.000314"/>
</kw>
<kw name="Enter the invalid Keyword in the keyword box" owner="AdvertisementResource">
<kw name="Wait Until Element Is Visible" owner="SeleniumLibrary">
<arg>${keyword}</arg>
<doc>Waits until the element ``locator`` is visible.</doc>
<status status="PASS" start="2024-05-27T23:17:18.071240" elapsed="0.019570"/>
</kw>
<kw name="Input Text" owner="SeleniumLibrary">
<msg time="2024-05-27T23:17:18.090810" level="INFO">Typing text '@#$!' into text field 'xpath=(//div[@class='d-flex label-value-value']//input)[1]'.</msg>
<arg>${keyword}</arg>
<arg>@#$!</arg>
<doc>Types the given ``text`` into the text field identified by ``locator``.</doc>
<status status="PASS" start="2024-05-27T23:17:18.090810" elapsed="0.105648"/>
</kw>
<status status="PASS" start="2024-05-27T23:17:18.070104" elapsed="0.126354"/>
</kw>
<kw name="verify the invalid keyword error message is displayed" owner="AdvertisementResource">
<kw name="Wait Until Element Is Visible" owner="SeleniumLibrary">
<arg>${invalid_keyword_message}</arg>
<doc>Waits until the element ``locator`` is visible.</doc>
<status status="PASS" start="2024-05-27T23:17:18.196458" elapsed="0.971628"/>
</kw>
<kw name="Element Text Should Be" owner="SeleniumLibrary">
<msg time="2024-05-27T23:17:19.168086" level="INFO">Verifying element 'xpath://div[text()='Invalid keywords']' contains exact text 'Invalid keywords'.</msg>
<arg>${invalid_keyword_message}</arg>
<arg>Invalid keywords</arg>
<doc>Verifies that element ``locator`` contains exact the text ``expected``.</doc>
<status status="PASS" start="2024-05-27T23:17:19.168086" elapsed="0.014458"/>
</kw>
<status status="PASS" start="2024-05-27T23:17:18.196458" elapsed="0.986086"/>
=======
<status status="PASS" start="2024-05-27T15:25:40.995645" elapsed="0.010963"/>
</kw>
<status status="PASS" start="2024-05-27T15:25:35.863187" elapsed="5.144422"/>
</kw>
<kw name="Valid register with all the fields">
<kw name="Go to Register Page" owner="HomeResource">
<kw name="Sleep" owner="BuiltIn">
<msg time="2024-05-27T15:25:46.013784" level="INFO">Slept 5 seconds.</msg>
<arg>5s</arg>
<doc>Pauses the test executed for the given time.</doc>
<status status="PASS" start="2024-05-27T15:25:41.012588" elapsed="5.001196"/>
</kw>
<kw name="Click Element" owner="SeleniumLibrary">
<msg time="2024-05-27T15:25:46.014785" level="INFO">Clicking element 'xpath://div[text()=" Register "]'.</msg>
<arg>${register_btn}</arg>
<doc>Click the element identified by ``locator``.</doc>
<status status="PASS" start="2024-05-27T15:25:46.013784" elapsed="0.105308"/>
</kw>
<status status="PASS" start="2024-05-27T15:25:41.012588" elapsed="5.106504"/>
</kw>
<kw name="Verify Register Page opens" owner="RegisterResource">
<kw name="Element Should Contain" owner="SeleniumLibrary">
<msg time="2024-05-27T15:25:47.753871" level="INFO">Element 'xpath://div[text()=" User registration "]' contains text 'User registration'.</msg>
<arg>${verify_register}</arg>
<arg>User registration</arg>
<doc>Verifies that element ``locator`` contains text ``expected``.</doc>
<status status="PASS" start="2024-05-27T15:25:46.120089" elapsed="1.633782"/>
</kw>
<status status="PASS" start="2024-05-27T15:25:46.120089" elapsed="1.633782"/>
</kw>
<kw name="Fill the Required feilds" owner="RegisterResource">
<kw name="Input Text" owner="SeleniumLibrary">
<msg time="2024-05-27T15:25:47.755870" level="INFO">Typing text '  abc' into text field 'xpath://input-field[@formcontrolname="name"]/label-value/div/div/input'.</msg>
<arg>${name_field}</arg>
<arg>${name}</arg>
<doc>Types the given ``text`` into the text field identified by ``locator``.</doc>
<status status="PASS" start="2024-05-27T15:25:47.755870" elapsed="0.132519"/>
</kw>
<kw name="Input Text" owner="SeleniumLibrary">
<msg time="2024-05-27T15:25:47.889386" level="INFO">Typing text 'abc12345' into text field 'xpath://input-field[@formcontrolname="username"]/label-value/div/div/input'.</msg>
<arg>${loginName_field}</arg>
<arg>${login_name}</arg>
<doc>Types the given ``text`` into the text field identified by ``locator``.</doc>
<status status="PASS" start="2024-05-27T15:25:47.888389" elapsed="0.163155"/>
</kw>
<kw name="Input Text" owner="SeleniumLibrary">
<msg time="2024-05-27T15:25:48.052542" level="INFO">Typing text 'sandhiya110902@gmail.com' into text field 'xpath://input-field[@formcontrolname="email"]/input'.</msg>
<arg>${email_field}</arg>
<arg>${email}</arg>
<doc>Types the given ``text`` into the text field identified by ``locator``.</doc>
<status status="PASS" start="2024-05-27T15:25:48.052542" elapsed="0.170798"/>
</kw>
<arg>${name}</arg>
<arg>${login}</arg>
<arg>${email}</arg>
<status status="PASS" start="2024-05-27T15:25:47.754872" elapsed="0.468468"/>
</kw>
<kw name="Execute Javascript" owner="SeleniumLibrary">
<msg time="2024-05-27T15:25:48.225334" level="INFO">Executing JavaScript:
window.scrollTo(0, document.body.scrollHeight)
Without any arguments.</msg>
<arg>window.scrollTo(0, document.body.scrollHeight)</arg>
<doc>Executes the given JavaScript code with possible arguments.</doc>
<status status="PASS" start="2024-05-27T15:25:48.223340" elapsed="0.008555"/>
</kw>
<kw name="clicking next button for mandatory field" owner="RegisterResource">
<kw name="Wait Until Element Is Visible" owner="SeleniumLibrary">
<arg>${man_next_btn}</arg>
<doc>Waits until the element ``locator`` is visible.</doc>
<status status="PASS" start="2024-05-27T15:25:48.232911" elapsed="0.033127"/>
</kw>
<kw name="Click Button" owner="SeleniumLibrary">
<msg time="2024-05-27T15:25:48.267036" level="INFO">Clicking button 'xpath:(//action-button[@class="d-inline-block button"]/button)[2]'.</msg>
<arg>${man_next_btn}</arg>
<doc>Clicks the button identified by ``locator``.</doc>
<status status="PASS" start="2024-05-27T15:25:48.267036" elapsed="0.081987"/>
</kw>
<status status="PASS" start="2024-05-27T15:25:48.232911" elapsed="0.116112"/>
</kw>
<kw name="verification for email already exists" owner="RegisterResource">
<kw name="Element Text Should Be" owner="SeleniumLibrary">
<msg time="2024-05-27T15:25:48.350020" level="INFO">Verifying element 'css:div[class="invalid-feedback"]' contains exact text 'E-Mail must be unique.'.</msg>
<arg>${field_required}</arg>
<arg>E-Mail must be unique.</arg>
<doc>Verifies that element ``locator`` contains exact the text ``expected``.</doc>
<status status="PASS" start="2024-05-27T15:25:48.350020" elapsed="0.944120"/>
</kw>
<status status="PASS" start="2024-05-27T15:25:48.349023" elapsed="0.946108"/>
</kw>
<arg>name=  abc</arg>
<arg>login=abc12345</arg>
<arg>email=sandhiya110902@gmail.com</arg>
<status status="PASS" start="2024-05-27T15:25:41.011592" elapsed="8.283539"/>
</suite>
<statistics>
<total>
<stat pass="1" fail="0" skip="0">All Tests</stat>
</total>
<tag>
<stat pass="1" fail="0" skip="0">invalid</stat>
<stat pass="1" fail="0" skip="0">Retest</stat>
</tag>
<suite>
>>>>>>> 01b69c07ea1caf163703629db64d50ab3defbb9c
</suite>
</statistics>
<errors>
<msg time="2024-05-28T15:44:20.989982" level="WARN">Retrying (Retry(total=2, connect=None, read=None, redirect=None, status=None)) after connection broken by 'NewConnectionError('&lt;urllib3.connection.HTTPConnection object at 0x0000022224D40920&gt;: Failed to establish a new connection: [WinError 10061] No connection could be made because the target machine actively refused it')': /session/ddadea4fad620d9cd4d3f3cf9af37e33/screenshot</msg>
<msg time="2024-05-28T15:44:25.875162" level="WARN">Retrying (Retry(total=1, connect=None, read=None, redirect=None, status=None)) after connection broken by 'NewConnectionError('&lt;urllib3.connection.HTTPConnection object at 0x0000022224D43290&gt;: Failed to establish a new connection: [WinError 10061] No connection could be made because the target machine actively refused it')': /session/ddadea4fad620d9cd4d3f3cf9af37e33/screenshot</msg>
<msg time="2024-05-28T15:44:30.019930" level="WARN">Retrying (Retry(total=0, connect=None, read=None, redirect=None, status=None)) after connection broken by 'NewConnectionError('&lt;urllib3.connection.HTTPConnection object at 0x0000022224CF8770&gt;: Failed to establish a new connection: [WinError 10061] No connection could be made because the target machine actively refused it')': /session/ddadea4fad620d9cd4d3f3cf9af37e33/screenshot</msg>
<msg time="2024-05-28T15:44:34.046183" level="WARN">Keyword 'Capture Page Screenshot' could not be run on failure: HTTPConnectionPool(host='localhost', port=65492): Max retries exceeded with url: /session/ddadea4fad620d9cd4d3f3cf9af37e33/screenshot (Caused by NewConnectionError('&lt;urllib3.connection.HTTPConnection object at 0x0000022224D1B9E0&gt;: Failed to establish a new connection: [WinError 10061] No connection could be made because the target machine actively refused it'))</msg>
<msg time="2024-05-28T15:44:38.763334" level="WARN">Retrying (Retry(total=2, connect=None, read=None, redirect=None, status=None)) after connection broken by 'NewConnectionError('&lt;urllib3.connection.HTTPConnection object at 0x0000022224EA41A0&gt;: Failed to establish a new connection: [WinError 10061] No connection could be made because the target machine actively refused it')': /session/ddadea4fad620d9cd4d3f3cf9af37e33</msg>
<msg time="2024-05-28T15:44:42.820300" level="WARN">Retrying (Retry(total=1, connect=None, read=None, redirect=None, status=None)) after connection broken by 'NewConnectionError('&lt;urllib3.connection.HTTPConnection object at 0x0000022224EA4380&gt;: Failed to establish a new connection: [WinError 10061] No connection could be made because the target machine actively refused it')': /session/ddadea4fad620d9cd4d3f3cf9af37e33</msg>
<msg time="2024-05-28T15:44:46.845902" level="WARN">Retrying (Retry(total=0, connect=None, read=None, redirect=None, status=None)) after connection broken by 'NewConnectionError('&lt;urllib3.connection.HTTPConnection object at 0x0000022224EA45C0&gt;: Failed to establish a new connection: [WinError 10061] No connection could be made because the target machine actively refused it')': /session/ddadea4fad620d9cd4d3f3cf9af37e33</msg>
<msg time="2024-05-28T15:45:21.522653" level="WARN">Keyword 'Capture Page Screenshot' could not be run on failure: Message: no such window: target window already closed
from unknown error: web view not found
  (Session info: chrome=125.0.6422.78)
Stacktrace:
	GetHandleVerifier [0x00007FF68AA31F22+60322]
	(No symbol) [0x00007FF68A9ACE99]
	(No symbol) [0x00007FF68A867EBA]
	(No symbol) [0x00007FF68A83D5A5]
	(No symbol) [0x00007FF68A8E36B7]
	(No symbol) [0x00007FF68A8FB331]
	(No symbol) [0x00007FF68A8DBFC3]
	(No symbol) [0x00007FF68A8A9617]
	(No symbol) [0x00007FF68A8AA211]
	GetHandleVerifier [0x00007FF68AD4946D+3301613]
	GetHandleVerifier [0x00007FF68AD93693+3605267]
	GetHandleVerifier [0x00007FF68AD89410+3563664]
	GetHandleVerifier [0x00007FF68AAE42F6+790390]
	(No symbol) [0x00007FF68A9B74DF]
	(No symbol) [0x00007FF68A9B33D4]
	(No symbol) [0x00007FF68A9B3562]
	(No symbol) [0x00007FF68A9A2F6F]
	BaseThreadInitThunk [0x00007FFB56E4257D+29]
	RtlUserThreadStart [0x00007FFB57BCAA48+40]
</msg>
</errors>
</robot>
